🩺 The doctor is checking the health of your Storybook..
╭ Diagnostics ───────────────────────────────────────────────────────────────────────────────────────────────────────────────────────────────────────────────────────────────────────────────────────────────────╮
│                                                                                                                                                                                                                │
│   Attention: There seems to be a mismatch between your Storybook package versions. This can result in a broken Storybook installation.                                                                         │
│                                                                                                                                                                                                                │
│   The version of your storybook core packages should align with 8.1.3 (from the @storybook/react-vite package) or higher.                                                                                      │
│                                                                                                                                                                                                                │
│   Based on your lockfile, these dependencies should be aligned:                                                                                                                                                │
│                                                                                                                                                                                                                │
│   @storybook/addon-docs: 7.6.17                                                                                                                                                                                │
│   @storybook/csf-plugin: 7.6.17                                                                                                                                                                                │
│   @storybook/addon-highlight: 7.6.17                                                                                                                                                                           │
│   @storybook/blocks: 7.6.17                                                                                                                                                                                    │
│   @storybook/channels: 7.6.17                                                                                                                                                                                  │
│   @storybook/client-logger: 7.6.17                                                                                                                                                                             │
│   @storybook/components: 7.6.17                                                                                                                                                                                │
│   @storybook/core-common: 7.6.17                                                                                                                                                                               │
│   @storybook/core-events: 7.6.17                                                                                                                                                                               │
│   @storybook/docs-tools: 7.6.17                                                                                                                                                                                │
│   @storybook/manager-api: 7.6.17                                                                                                                                                                               │
│   @storybook/node-logger: 7.6.17                                                                                                                                                                               │
│   @storybook/preview-api: 7.6.17                                                                                                                                                                               │
│   @storybook/react: 7.6.17                                                                                                                                                                                     │
│   @storybook/react-dom-shim: 7.6.17                                                                                                                                                                            │
│   @storybook/theming: 7.6.17                                                                                                                                                                                   │
│   @storybook/addon-a11y: 7.6.17                                                                                                                                                                                │
│   @storybook/addon-essentials: 7.6.17                                                                                                                                                                          │
│   @storybook/react-webpack5: 7.6.17                                                                                                                                                                            │
│   @storybook/router: 7.6.17                                                                                                                                                                                    │
│   storybook: 7.6.17                                                                                                                                                                                            │
│   @storybook/addon-actions: 7.6.17                                                                                                                                                                             │
│   @storybook/addon-backgrounds: 7.6.17                                                                                                                                                                         │
│   @storybook/addon-controls: 7.6.17                                                                                                                                                                            │
│   @storybook/addon-measure: 7.6.17                                                                                                                                                                             │
│   @storybook/addon-outline: 7.6.17                                                                                                                                                                             │
│   @storybook/addon-toolbars: 7.6.17                                                                                                                                                                            │
│   @storybook/addon-viewport: 7.6.17                                                                                                                                                                            │
│   @storybook/builder-webpack5: 7.6.17                                                                                                                                                                          │
│   @storybook/cli: 7.6.17                                                                                                                                                                                       │
│   @storybook/preset-react-webpack: 7.6.17                                                                                                                                                                      │
│   @storybook/codemod: 7.6.17                                                                                                                                                                                   │
│   @storybook/core-server: 7.6.17                                                                                                                                                                               │
│   @storybook/core-webpack: 7.6.17                                                                                                                                                                              │
│   @storybook/telemetry: 7.6.17                                                                                                                                                                                 │
│   @storybook/builder-manager: 7.6.17                                                                                                                                                                           │
│   @storybook/manager: 7.6.17                                                                                                                                                                                   │
│                                                                                                                                                                                                                │
│   You can run npx storybook@latest upgrade to upgrade all of your Storybook packages to the latest version.                                                                                                    │
│                                                                                                                                                                                                                │
│   Alternatively you can try manually changing the versions to match in your package.json. We also recommend regenerating your lockfile, or running the following command to possibly deduplicate your          │
│   Storybook package versions: yarn dedupe                                                                                                                                                                      │
│                                                                                                                                                                                                                │
╰────────────────────────────────────────────────────────────────────────────────────────────────────────────────────────────────────────────────────────────────────────────────────────────────────────────────╯

You can always recheck the health of your project by running:
npx storybook doctor

Full logs are available in C:\Users\felip\Documentos\projects\redwood-blog\doctor-storybook.log

